build/app/intermediates/manifest_merge_blame_file/debug/manifest-merger-blame-debug-report.txt
1<?xml version="1.0" encoding="utf-8"?>
2<manifest xmlns:android="http://schemas.android.com/apk/res/android"
3    package="com.example.my_mood_app"
4    android:versionCode="1"
5    android:versionName="1.0.0" >
6
7    <uses-sdk
8        android:minSdkVersion="21"
9        android:targetSdkVersion="34" />
10    <!--
11         The INTERNET permission is required for development. Specifically,
12         the Flutter tool needs it to communicate with the running application
13         to allow setting breakpoints, to provide hot reload, etc.
14    -->
15    <uses-permission android:name="android.permission.INTERNET" />
15-->src\debug\AndroidManifest.xml:6:5-66
15-->src\debug\AndroidManifest.xml:6:22-64
16    <uses-permission android:name="android.permission.RECEIVE_BOOT_COMPLETED" />
16-->src\debug\AndroidManifest.xml:7:5-81
16-->src\debug\AndroidManifest.xml:7:22-78
17    <uses-permission
17-->src\main\AndroidManifest.xml:4:5-123
18        android:name="android.permission.READ_EXTERNAL_STORAGE"
18-->src\main\AndroidManifest.xml:4:22-77
19        android:maxSdkVersion="32" />
19-->src\main\AndroidManifest.xml:4:78-104
20    <uses-permission
20-->src\main\AndroidManifest.xml:5:1-120
21        android:name="android.permission.WRITE_EXTERNAL_STORAGE"
21-->src\main\AndroidManifest.xml:5:18-74
22        android:maxSdkVersion="30" />
22-->src\main\AndroidManifest.xml:5:75-101
23    <uses-permission android:name="com.google.android.gms.permission.AD_ID" />
23-->src\main\AndroidManifest.xml:6:1-91
23-->src\main\AndroidManifest.xml:6:18-72
24    <uses-permission android:name="android.permission.READ_MEDIA_IMAGES" />
24-->src\main\AndroidManifest.xml:7:1-88
24-->src\main\AndroidManifest.xml:7:18-69
25    <uses-permission android:name="android.permission.READ_MEDIA_VIDEO" />
25-->src\main\AndroidManifest.xml:8:1-87
25-->src\main\AndroidManifest.xml:8:18-68
26    <uses-permission android:name="android.permission.READ_MEDIA_AUDIO" />
26-->src\main\AndroidManifest.xml:9:1-87
26-->src\main\AndroidManifest.xml:9:18-68
27    <uses-permission android:name="android.permission.SCHEDULE_EXACT_ALARM" />
27-->src\main\AndroidManifest.xml:10:1-75
27-->src\main\AndroidManifest.xml:10:18-72
28    <uses-permission android:name="android.permission.ACCESS_NETWORK_STATE" />
28-->src\main\AndroidManifest.xml:11:1-75
28-->src\main\AndroidManifest.xml:11:18-72
29    <!--
30 Required to query activities that can process text, see:
31         https://developer.android.com/training/package-visibility and
32         https://developer.android.com/reference/android/content/Intent#ACTION_PROCESS_TEXT.
33
34         In particular, this is used by the Flutter engine in io.flutter.plugin.text.ProcessTextPlugin.
35    -->
36    <queries>
36-->src\main\AndroidManifest.xml:49:5-54:15
37        <intent>
37-->src\main\AndroidManifest.xml:50:9-53:18
38            <action android:name="android.intent.action.PROCESS_TEXT" />
38-->src\main\AndroidManifest.xml:51:13-72
38-->src\main\AndroidManifest.xml:51:21-70
39
40            <data android:mimeType="text/plain" />
40-->src\main\AndroidManifest.xml:52:13-50
40-->src\main\AndroidManifest.xml:52:19-48
41        </intent>
42    </queries>
43
44    <uses-permission android:name="android.permission.VIBRATE" />
44-->[:flutter_local_notifications] AndroidManifest.xml:7:5-66
44-->[:flutter_local_notifications] AndroidManifest.xml:7:22-63
45    <uses-permission android:name="android.permission.POST_NOTIFICATIONS" />
45-->[:flutter_local_notifications] AndroidManifest.xml:8:5-77
45-->[:flutter_local_notifications] AndroidManifest.xml:8:22-74
46    <uses-permission android:name="android.permission.WAKE_LOCK" />
46-->[com.google.android.gms:play-services-measurement-api:22.1.2] AndroidManifest.xml:24:5-68
46-->[com.google.android.gms:play-services-measurement-api:22.1.2] AndroidManifest.xml:24:22-65
47    <uses-permission android:name="android.permission.ACCESS_ADSERVICES_ATTRIBUTION" />
47-->[com.google.android.gms:play-services-measurement-api:22.1.2] AndroidManifest.xml:26:5-88
47-->[com.google.android.gms:play-services-measurement-api:22.1.2] AndroidManifest.xml:26:22-85
48    <uses-permission android:name="android.permission.ACCESS_ADSERVICES_AD_ID" />
48-->[com.google.android.gms:play-services-measurement-api:22.1.2] AndroidManifest.xml:27:5-82
48-->[com.google.android.gms:play-services-measurement-api:22.1.2] AndroidManifest.xml:27:22-79
49    <uses-permission android:name="com.google.android.finsky.permission.BIND_GET_INSTALL_REFERRER_SERVICE" />
49-->[com.google.android.gms:play-services-measurement:22.1.2] AndroidManifest.xml:26:5-110
49-->[com.google.android.gms:play-services-measurement:22.1.2] AndroidManifest.xml:26:22-107
50
51    <permission
51-->[androidx.core:core:1.13.1] AndroidManifest.xml:22:5-24:47
52        android:name="com.example.my_mood_app.DYNAMIC_RECEIVER_NOT_EXPORTED_PERMISSION"
52-->[androidx.core:core:1.13.1] AndroidManifest.xml:23:9-81
53        android:protectionLevel="signature" />
53-->[androidx.core:core:1.13.1] AndroidManifest.xml:24:9-44
54
55    <uses-permission android:name="com.example.my_mood_app.DYNAMIC_RECEIVER_NOT_EXPORTED_PERMISSION" />
55-->[androidx.core:core:1.13.1] AndroidManifest.xml:26:5-97
55-->[androidx.core:core:1.13.1] AndroidManifest.xml:26:22-94
56
57    <application
58        android:name="android.app.Application"
59        android:appComponentFactory="androidx.core.app.CoreComponentFactory"
59-->[androidx.core:core:1.13.1] AndroidManifest.xml:28:18-86
60        android:debuggable="true"
61        android:extractNativeLibs="true"
62        android:icon="@mipmap/ic_launcher"
63        android:label="my_mood_app" >
64        <activity
65            android:name="com.example.my_mood_app.MainActivity"
66            android:configChanges="orientation|keyboardHidden|keyboard|screenSize|smallestScreenSize|locale|layoutDirection|fontScale|screenLayout|density|uiMode"
67            android:exported="true"
68            android:hardwareAccelerated="true"
69            android:launchMode="singleTop"
70            android:taskAffinity=""
71            android:theme="@style/LaunchTheme"
72            android:windowSoftInputMode="adjustResize" >
73
74            <!--
75                 Specifies an Android theme to apply to this Activity as soon as
76                 the Android process has started. This theme is visible to the user
77                 while the Flutter UI initializes. After that, this theme continues
78                 to determine the Window background behind the Flutter UI.
79            -->
80            <meta-data
81                android:name="io.flutter.embedding.android.NormalTheme"
82                android:resource="@style/NormalTheme" />
83
84            <intent-filter>
85                <action android:name="android.intent.action.MAIN" />
86
87                <category android:name="android.intent.category.LAUNCHER" />
88            </intent-filter>
89        </activity>
90        <!--
91             Don't delete the meta-data below.
92             This is used by the Flutter tool to generate GeneratedPluginRegistrant.java
93        -->
94        <meta-data
95            android:name="flutterEmbedding"
96            android:value="2" />
97
98        <service
98-->[:cloud_firestore] AndroidManifest.xml:8:9-12:19
99            android:name="com.google.firebase.components.ComponentDiscoveryService"
99-->[:cloud_firestore] AndroidManifest.xml:8:18-89
100            android:directBootAware="true"
100-->[com.google.firebase:firebase-common:21.0.0] AndroidManifest.xml:32:13-43
101            android:exported="false" >
101-->[com.google.firebase:firebase-firestore:25.1.0] AndroidManifest.xml:16:13-37
102            <meta-data
102-->[:cloud_firestore] AndroidManifest.xml:9:13-11:85
103                android:name="com.google.firebase.components:io.flutter.plugins.firebase.firestore.FlutterFirebaseFirestoreRegistrar"
103-->[:cloud_firestore] AndroidManifest.xml:10:17-134
104                android:value="com.google.firebase.components.ComponentRegistrar" />
104-->[:cloud_firestore] AndroidManifest.xml:11:17-82
105            <meta-data
105-->[:firebase_database] AndroidManifest.xml:9:13-11:85
106                android:name="com.google.firebase.components:io.flutter.plugins.firebase.database.FlutterFirebaseAppRegistrar"
106-->[:firebase_database] AndroidManifest.xml:10:17-127
107                android:value="com.google.firebase.components.ComponentRegistrar" />
107-->[:firebase_database] AndroidManifest.xml:11:17-82
108            <meta-data
108-->[:firebase_core] AndroidManifest.xml:9:13-11:85
109                android:name="com.google.firebase.components:io.flutter.plugins.firebase.core.FlutterFirebaseCoreRegistrar"
109-->[:firebase_core] AndroidManifest.xml:10:17-124
110                android:value="com.google.firebase.components.ComponentRegistrar" />
110-->[:firebase_core] AndroidManifest.xml:11:17-82
111            <meta-data
111-->[com.google.firebase:firebase-firestore:25.1.0] AndroidManifest.xml:17:13-19:85
112                android:name="com.google.firebase.components:com.google.firebase.firestore.FirebaseFirestoreKtxRegistrar"
112-->[com.google.firebase:firebase-firestore:25.1.0] AndroidManifest.xml:18:17-122
113                android:value="com.google.firebase.components.ComponentRegistrar" />
113-->[com.google.firebase:firebase-firestore:25.1.0] AndroidManifest.xml:19:17-82
114            <meta-data
114-->[com.google.firebase:firebase-firestore:25.1.0] AndroidManifest.xml:20:13-22:85
115                android:name="com.google.firebase.components:com.google.firebase.firestore.FirestoreRegistrar"
115-->[com.google.firebase:firebase-firestore:25.1.0] AndroidManifest.xml:21:17-111
116                android:value="com.google.firebase.components.ComponentRegistrar" />
116-->[com.google.firebase:firebase-firestore:25.1.0] AndroidManifest.xml:22:17-82
117            <meta-data
117-->[com.google.firebase:firebase-database:21.0.0] AndroidManifest.xml:29:13-31:85
118                android:name="com.google.firebase.components:com.google.firebase.database.FirebaseDatabaseKtxRegistrar"
118-->[com.google.firebase:firebase-database:21.0.0] AndroidManifest.xml:30:17-120
119                android:value="com.google.firebase.components.ComponentRegistrar" />
119-->[com.google.firebase:firebase-database:21.0.0] AndroidManifest.xml:31:17-82
120            <meta-data
120-->[com.google.firebase:firebase-database:21.0.0] AndroidManifest.xml:32:13-34:85
121                android:name="com.google.firebase.components:com.google.firebase.database.DatabaseRegistrar"
121-->[com.google.firebase:firebase-database:21.0.0] AndroidManifest.xml:33:17-109
122                android:value="com.google.firebase.components.ComponentRegistrar" />
122-->[com.google.firebase:firebase-database:21.0.0] AndroidManifest.xml:34:17-82
123            <meta-data
123-->[com.google.android.gms:play-services-measurement-api:22.1.2] AndroidManifest.xml:37:13-39:85
124                android:name="com.google.firebase.components:com.google.firebase.analytics.connector.internal.AnalyticsConnectorRegistrar"
124-->[com.google.android.gms:play-services-measurement-api:22.1.2] AndroidManifest.xml:38:17-139
125                android:value="com.google.firebase.components.ComponentRegistrar" />
125-->[com.google.android.gms:play-services-measurement-api:22.1.2] AndroidManifest.xml:39:17-82
126            <meta-data
126-->[com.google.firebase:firebase-installations:18.0.0] AndroidManifest.xml:15:13-17:85
127                android:name="com.google.firebase.components:com.google.firebase.installations.FirebaseInstallationsKtxRegistrar"
127-->[com.google.firebase:firebase-installations:18.0.0] AndroidManifest.xml:16:17-130
128                android:value="com.google.firebase.components.ComponentRegistrar" />
128-->[com.google.firebase:firebase-installations:18.0.0] AndroidManifest.xml:17:17-82
129            <meta-data
129-->[com.google.firebase:firebase-installations:18.0.0] AndroidManifest.xml:18:13-20:85
130                android:name="com.google.firebase.components:com.google.firebase.installations.FirebaseInstallationsRegistrar"
130-->[com.google.firebase:firebase-installations:18.0.0] AndroidManifest.xml:19:17-127
131                android:value="com.google.firebase.components.ComponentRegistrar" />
131-->[com.google.firebase:firebase-installations:18.0.0] AndroidManifest.xml:20:17-82
132            <meta-data
132-->[com.google.firebase:firebase-common-ktx:21.0.0] AndroidManifest.xml:12:13-14:85
133                android:name="com.google.firebase.components:com.google.firebase.ktx.FirebaseCommonLegacyRegistrar"
133-->[com.google.firebase:firebase-common-ktx:21.0.0] AndroidManifest.xml:13:17-116
134                android:value="com.google.firebase.components.ComponentRegistrar" />
134-->[com.google.firebase:firebase-common-ktx:21.0.0] AndroidManifest.xml:14:17-82
135            <meta-data
135-->[com.google.firebase:firebase-common:21.0.0] AndroidManifest.xml:35:13-37:85
136                android:name="com.google.firebase.components:com.google.firebase.FirebaseCommonKtxRegistrar"
136-->[com.google.firebase:firebase-common:21.0.0] AndroidManifest.xml:36:17-109
137                android:value="com.google.firebase.components.ComponentRegistrar" />
137-->[com.google.firebase:firebase-common:21.0.0] AndroidManifest.xml:37:17-82
138        </service>
139
140        <property
140-->[com.google.android.gms:play-services-measurement-api:22.1.2] AndroidManifest.xml:30:9-32:61
141            android:name="android.adservices.AD_SERVICES_CONFIG"
141-->[com.google.android.gms:play-services-measurement-api:22.1.2] AndroidManifest.xml:31:13-65
142            android:resource="@xml/ga_ad_services_config" />
142-->[com.google.android.gms:play-services-measurement-api:22.1.2] AndroidManifest.xml:32:13-58
143
144        <uses-library
144-->[androidx.window:window:1.2.0] AndroidManifest.xml:23:9-25:40
145            android:name="androidx.window.extensions"
145-->[androidx.window:window:1.2.0] AndroidManifest.xml:24:13-54
146            android:required="false" />
146-->[androidx.window:window:1.2.0] AndroidManifest.xml:25:13-37
147        <uses-library
147-->[androidx.window:window:1.2.0] AndroidManifest.xml:26:9-28:40
148            android:name="androidx.window.sidecar"
148-->[androidx.window:window:1.2.0] AndroidManifest.xml:27:13-51
149            android:required="false" />
149-->[androidx.window:window:1.2.0] AndroidManifest.xml:28:13-37
150
151        <provider
151-->[com.google.firebase:firebase-common:21.0.0] AndroidManifest.xml:23:9-28:39
152            android:name="com.google.firebase.provider.FirebaseInitProvider"
152-->[com.google.firebase:firebase-common:21.0.0] AndroidManifest.xml:24:13-77
153            android:authorities="com.example.my_mood_app.firebaseinitprovider"
153-->[com.google.firebase:firebase-common:21.0.0] AndroidManifest.xml:25:13-72
154            android:directBootAware="true"
154-->[com.google.firebase:firebase-common:21.0.0] AndroidManifest.xml:26:13-43
155            android:exported="false"
155-->[com.google.firebase:firebase-common:21.0.0] AndroidManifest.xml:27:13-37
156            android:initOrder="100" />
156-->[com.google.firebase:firebase-common:21.0.0] AndroidManifest.xml:28:13-36
157
158        <receiver
158-->[com.google.android.gms:play-services-measurement:22.1.2] AndroidManifest.xml:29:9-33:20
159            android:name="com.google.android.gms.measurement.AppMeasurementReceiver"
159-->[com.google.android.gms:play-services-measurement:22.1.2] AndroidManifest.xml:30:13-85
160            android:enabled="true"
160-->[com.google.android.gms:play-services-measurement:22.1.2] AndroidManifest.xml:31:13-35
161            android:exported="false" >
161-->[com.google.android.gms:play-services-measurement:22.1.2] AndroidManifest.xml:32:13-37
162        </receiver>
163
164        <service
164-->[com.google.android.gms:play-services-measurement:22.1.2] AndroidManifest.xml:35:9-38:40
165            android:name="com.google.android.gms.measurement.AppMeasurementService"
165-->[com.google.android.gms:play-services-measurement:22.1.2] AndroidManifest.xml:36:13-84
166            android:enabled="true"
166-->[com.google.android.gms:play-services-measurement:22.1.2] AndroidManifest.xml:37:13-35
167            android:exported="false" />
167-->[com.google.android.gms:play-services-measurement:22.1.2] AndroidManifest.xml:38:13-37
168        <service
168-->[com.google.android.gms:play-services-measurement:22.1.2] AndroidManifest.xml:39:9-43:72
169            android:name="com.google.android.gms.measurement.AppMeasurementJobService"
169-->[com.google.android.gms:play-services-measurement:22.1.2] AndroidManifest.xml:40:13-87
170            android:enabled="true"
170-->[com.google.android.gms:play-services-measurement:22.1.2] AndroidManifest.xml:41:13-35
171            android:exported="false"
171-->[com.google.android.gms:play-services-measurement:22.1.2] AndroidManifest.xml:42:13-37
172            android:permission="android.permission.BIND_JOB_SERVICE" />
172-->[com.google.android.gms:play-services-measurement:22.1.2] AndroidManifest.xml:43:13-69
173
174        <activity
174-->[com.google.android.gms:play-services-base:18.5.0] AndroidManifest.xml:5:9-173
175            android:name="com.google.android.gms.common.api.GoogleApiActivity"
175-->[com.google.android.gms:play-services-base:18.5.0] AndroidManifest.xml:5:19-85
176            android:exported="false"
176-->[com.google.android.gms:play-services-base:18.5.0] AndroidManifest.xml:5:146-170
177            android:theme="@android:style/Theme.Translucent.NoTitleBar" />
177-->[com.google.android.gms:play-services-base:18.5.0] AndroidManifest.xml:5:86-145
178
179        <uses-library
179-->[androidx.privacysandbox.ads:ads-adservices:1.0.0-beta05] AndroidManifest.xml:23:9-25:40
180            android:name="android.ext.adservices"
180-->[androidx.privacysandbox.ads:ads-adservices:1.0.0-beta05] AndroidManifest.xml:24:13-50
181            android:required="false" />
181-->[androidx.privacysandbox.ads:ads-adservices:1.0.0-beta05] AndroidManifest.xml:25:13-37
182
183        <meta-data
183-->[com.google.android.gms:play-services-basement:18.4.0] AndroidManifest.xml:6:9-122
184            android:name="com.google.android.gms.version"
184-->[com.google.android.gms:play-services-basement:18.4.0] AndroidManifest.xml:6:20-65
185            android:value="@integer/google_play_services_version" />
185-->[com.google.android.gms:play-services-basement:18.4.0] AndroidManifest.xml:6:66-119
186
187        <provider
187-->[androidx.lifecycle:lifecycle-process:2.7.0] AndroidManifest.xml:24:9-32:20
188            android:name="androidx.startup.InitializationProvider"
188-->[androidx.lifecycle:lifecycle-process:2.7.0] AndroidManifest.xml:25:13-67
189            android:authorities="com.example.my_mood_app.androidx-startup"
189-->[androidx.lifecycle:lifecycle-process:2.7.0] AndroidManifest.xml:26:13-68
190            android:exported="false" >
190-->[androidx.lifecycle:lifecycle-process:2.7.0] AndroidManifest.xml:27:13-37
191            <meta-data
191-->[androidx.lifecycle:lifecycle-process:2.7.0] AndroidManifest.xml:29:13-31:52
192                android:name="androidx.lifecycle.ProcessLifecycleInitializer"
192-->[androidx.lifecycle:lifecycle-process:2.7.0] AndroidManifest.xml:30:17-78
193                android:value="androidx.startup" />
193-->[androidx.lifecycle:lifecycle-process:2.7.0] AndroidManifest.xml:31:17-49
194            <meta-data
194-->[androidx.profileinstaller:profileinstaller:1.3.1] AndroidManifest.xml:29:13-31:52
195                android:name="androidx.profileinstaller.ProfileInstallerInitializer"
195-->[androidx.profileinstaller:profileinstaller:1.3.1] AndroidManifest.xml:30:17-85
196                android:value="androidx.startup" />
196-->[androidx.profileinstaller:profileinstaller:1.3.1] AndroidManifest.xml:31:17-49
197        </provider>
198
199        <receiver
199-->[androidx.profileinstaller:profileinstaller:1.3.1] AndroidManifest.xml:34:9-52:20
200            android:name="androidx.profileinstaller.ProfileInstallReceiver"
200-->[androidx.profileinstaller:profileinstaller:1.3.1] AndroidManifest.xml:35:13-76
201            android:directBootAware="false"
201-->[androidx.profileinstaller:profileinstaller:1.3.1] AndroidManifest.xml:36:13-44
202            android:enabled="true"
202-->[androidx.profileinstaller:profileinstaller:1.3.1] AndroidManifest.xml:37:13-35
203            android:exported="true"
203-->[androidx.profileinstaller:profileinstaller:1.3.1] AndroidManifest.xml:38:13-36
204            android:permission="android.permission.DUMP" >
204-->[androidx.profileinstaller:profileinstaller:1.3.1] AndroidManifest.xml:39:13-57
205            <intent-filter>
205-->[androidx.profileinstaller:profileinstaller:1.3.1] AndroidManifest.xml:40:13-42:29
206                <action android:name="androidx.profileinstaller.action.INSTALL_PROFILE" />
206-->[androidx.profileinstaller:profileinstaller:1.3.1] AndroidManifest.xml:41:17-91
206-->[androidx.profileinstaller:profileinstaller:1.3.1] AndroidManifest.xml:41:25-88
207            </intent-filter>
208            <intent-filter>
208-->[androidx.profileinstaller:profileinstaller:1.3.1] AndroidManifest.xml:43:13-45:29
209                <action android:name="androidx.profileinstaller.action.SKIP_FILE" />
209-->[androidx.profileinstaller:profileinstaller:1.3.1] AndroidManifest.xml:44:17-85
209-->[androidx.profileinstaller:profileinstaller:1.3.1] AndroidManifest.xml:44:25-82
210            </intent-filter>
211            <intent-filter>
211-->[androidx.profileinstaller:profileinstaller:1.3.1] AndroidManifest.xml:46:13-48:29
212                <action android:name="androidx.profileinstaller.action.SAVE_PROFILE" />
212-->[androidx.profileinstaller:profileinstaller:1.3.1] AndroidManifest.xml:47:17-88
212-->[androidx.profileinstaller:profileinstaller:1.3.1] AndroidManifest.xml:47:25-85
213            </intent-filter>
214            <intent-filter>
214-->[androidx.profileinstaller:profileinstaller:1.3.1] AndroidManifest.xml:49:13-51:29
215                <action android:name="androidx.profileinstaller.action.BENCHMARK_OPERATION" />
215-->[androidx.profileinstaller:profileinstaller:1.3.1] AndroidManifest.xml:50:17-95
215-->[androidx.profileinstaller:profileinstaller:1.3.1] AndroidManifest.xml:50:25-92
216            </intent-filter>
217        </receiver>
218    </application>
219
220</manifest>